<?xml version="1.0" encoding="UTF-8"?>
<!-- Generated by org.testng.reporters.JUnitReportReporter -->
<testsuite hostname="Poornimas-MacBook-Pro.local" failures="0" tests="2" name="users.uiPanelTest" time="22.020" errors="0" timestamp="15 Mar 2018 09:59:55 GMT" skipped="0">
  <testcase classname="users.uiPanelTest" name="postSomething" time="0.000"/>
  <testcase classname="users.uiPanelTest" name="ui" time="22.020"/>
</testsuite> <!-- users.uiPanelTest -->
