<?xml version="1.0" encoding="UTF-8"?>
<!-- Generated by org.testng.reporters.JUnitReportReporter -->
<testsuite hostname="Poornimas-MacBook-Pro.local" failures="0" tests="1" name="broadcast.BroadcastTest" time="0.001" errors="0" timestamp="15 Mar 2018 09:59:55 GMT" skipped="0">
  <testcase classname="broadcast.BroadcastTest" name="postSome1thing" time="0.001"/>
</testsuite> <!-- broadcast.BroadcastTest -->
